<?xml version="1.0" encoding="UTF-8"?>
<testsuite name="com.pelatro.Myecom.MyecomApplicationTests" tests="1" skipped="0" failures="0" errors="0" timestamp="2022-09-28T08:06:23" hostname="eshapriyadarshi" time="0.33">
  <properties/>
  <testcase name="contextLoads()" classname="com.pelatro.Myecom.MyecomApplicationTests" time="0.33"/>
  <system-out><![CDATA[13:36:16.186 [Test worker] DEBUG org.springframework.test.context.BootstrapUtils - Instantiating CacheAwareContextLoaderDelegate from class [org.springframework.test.context.cache.DefaultCacheAwareContextLoaderDelegate]
13:36:16.200 [Test worker] DEBUG org.springframework.test.context.BootstrapUtils - Instantiating BootstrapContext using constructor [public org.springframework.test.context.support.DefaultBootstrapContext(java.lang.Class,org.springframework.test.context.CacheAwareContextLoaderDelegate)]
13:36:16.234 [Test worker] DEBUG org.springframework.test.context.BootstrapUtils - Instantiating TestContextBootstrapper for test class [com.pelatro.Myecom.MyecomApplicationTests] from class [org.springframework.boot.test.context.SpringBootTestContextBootstrapper]
13:36:16.245 [Test worker] INFO org.springframework.boot.test.context.SpringBootTestContextBootstrapper - Neither @ContextConfiguration nor @ContextHierarchy found for test class [com.pelatro.Myecom.MyecomApplicationTests], using SpringBootContextLoader
13:36:16.249 [Test worker] DEBUG org.springframework.test.context.support.AbstractContextLoader - Did not detect default resource location for test class [com.pelatro.Myecom.MyecomApplicationTests]: class path resource [com/pelatro/Myecom/MyecomApplicationTests-context.xml] does not exist
13:36:16.249 [Test worker] DEBUG org.springframework.test.context.support.AbstractContextLoader - Did not detect default resource location for test class [com.pelatro.Myecom.MyecomApplicationTests]: class path resource [com/pelatro/Myecom/MyecomApplicationTestsContext.groovy] does not exist
13:36:16.249 [Test worker] INFO org.springframework.test.context.support.AbstractContextLoader - Could not detect default resource locations for test class [com.pelatro.Myecom.MyecomApplicationTests]: no resource found for suffixes {-context.xml, Context.groovy}.
13:36:16.250 [Test worker] INFO org.springframework.test.context.support.AnnotationConfigContextLoaderUtils - Could not detect default configuration classes for test class [com.pelatro.Myecom.MyecomApplicationTests]: MyecomApplicationTests does not declare any static, non-private, non-final, nested classes annotated with @Configuration.
13:36:16.284 [Test worker] DEBUG org.springframework.test.context.support.ActiveProfilesUtils - Could not find an 'annotation declaring class' for annotation type [org.springframework.test.context.ActiveProfiles] and class [com.pelatro.Myecom.MyecomApplicationTests]
13:36:16.341 [Test worker] DEBUG org.springframework.context.annotation.ClassPathScanningCandidateComponentProvider - Identified candidate component class: file [/home/eshapriyadarshi/Downloads/Myecom/build/classes/java/main/com/pelatro/Myecom/MyecomApplication.class]
13:36:16.343 [Test worker] INFO org.springframework.boot.test.context.SpringBootTestContextBootstrapper - Found @SpringBootConfiguration com.pelatro.Myecom.MyecomApplication for test class com.pelatro.Myecom.MyecomApplicationTests
13:36:16.442 [Test worker] DEBUG org.springframework.boot.test.context.SpringBootTestContextBootstrapper - @TestExecutionListeners is not present for class [com.pelatro.Myecom.MyecomApplicationTests]: using defaults.
13:36:16.442 [Test worker] INFO org.springframework.boot.test.context.SpringBootTestContextBootstrapper - Loaded default TestExecutionListener class names from location [META-INF/spring.factories]: [org.springframework.boot.test.autoconfigure.restdocs.RestDocsTestExecutionListener, org.springframework.boot.test.autoconfigure.web.client.MockRestServiceServerResetTestExecutionListener, org.springframework.boot.test.autoconfigure.web.servlet.MockMvcPrintOnlyOnFailureTestExecutionListener, org.springframework.boot.test.autoconfigure.web.servlet.WebDriverTestExecutionListener, org.springframework.boot.test.autoconfigure.webservices.client.MockWebServiceServerTestExecutionListener, org.springframework.boot.test.mock.mockito.MockitoTestExecutionListener, org.springframework.boot.test.mock.mockito.ResetMocksTestExecutionListener, org.springframework.test.context.web.ServletTestExecutionListener, org.springframework.test.context.support.DirtiesContextBeforeModesTestExecutionListener, org.springframework.test.context.event.ApplicationEventsTestExecutionListener, org.springframework.test.context.support.DependencyInjectionTestExecutionListener, org.springframework.test.context.support.DirtiesContextTestExecutionListener, org.springframework.test.context.transaction.TransactionalTestExecutionListener, org.springframework.test.context.jdbc.SqlScriptsTestExecutionListener, org.springframework.test.context.event.EventPublishingTestExecutionListener]
13:36:16.456 [Test worker] INFO org.springframework.boot.test.context.SpringBootTestContextBootstrapper - Using TestExecutionListeners: [org.springframework.test.context.web.ServletTestExecutionListener@3a80515c, org.springframework.test.context.support.DirtiesContextBeforeModesTestExecutionListener@547e29a4, org.springframework.test.context.event.ApplicationEventsTestExecutionListener@1c807b1d, org.springframework.boot.test.mock.mockito.MockitoTestExecutionListener@238b521e, org.springframework.boot.test.autoconfigure.SpringBootDependencyInjectionTestExecutionListener@1b39fd82, org.springframework.test.context.support.DirtiesContextTestExecutionListener@3e2fc448, org.springframework.test.context.transaction.TransactionalTestExecutionListener@21680803, org.springframework.test.context.jdbc.SqlScriptsTestExecutionListener@588ab592, org.springframework.test.context.event.EventPublishingTestExecutionListener@c8b96ec, org.springframework.boot.test.autoconfigure.restdocs.RestDocsTestExecutionListener@4cc61eb1, org.springframework.boot.test.autoconfigure.web.client.MockRestServiceServerResetTestExecutionListener@2d8f2f3a, org.springframework.boot.test.autoconfigure.web.servlet.MockMvcPrintOnlyOnFailureTestExecutionListener@2024293c, org.springframework.boot.test.autoconfigure.web.servlet.WebDriverTestExecutionListener@7048f722, org.springframework.boot.test.autoconfigure.webservices.client.MockWebServiceServerTestExecutionListener@c074c0c, org.springframework.boot.test.mock.mockito.ResetMocksTestExecutionListener@58a55449]
13:36:16.459 [Test worker] DEBUG org.springframework.test.context.support.AbstractDirtiesContextTestExecutionListener - Before test class: context [DefaultTestContext@29d2d081 testClass = MyecomApplicationTests, testInstance = [null], testMethod = [null], testException = [null], mergedContextConfiguration = [WebMergedContextConfiguration@40e4ea87 testClass = MyecomApplicationTests, locations = '{}', classes = '{class com.pelatro.Myecom.MyecomApplication}', contextInitializerClasses = '[]', activeProfiles = '{}', propertySourceLocations = '{}', propertySourceProperties = '{org.springframework.boot.test.context.SpringBootTestContextBootstrapper=true}', contextCustomizers = set[org.springframework.boot.test.autoconfigure.actuate.metrics.MetricsExportContextCustomizerFactory$DisableMetricExportContextCustomizer@21baa903, org.springframework.boot.test.autoconfigure.properties.PropertyMappingContextCustomizer@0, org.springframework.boot.test.autoconfigure.web.servlet.WebDriverContextCustomizerFactory$Customizer@2b5825fa, org.springframework.boot.test.context.filter.ExcludeFilterContextCustomizer@2262b621, org.springframework.boot.test.json.DuplicateJsonObjectContextCustomizerFactory$DuplicateJsonObjectContextCustomizer@25e2a451, org.springframework.boot.test.mock.mockito.MockitoContextCustomizer@0, org.springframework.boot.test.web.client.TestRestTemplateContextCustomizer@129b4fe2, org.springframework.boot.test.context.SpringBootTestArgs@1, org.springframework.boot.test.context.SpringBootTestWebEnvironment@c667f46], resourceBasePath = 'src/main/webapp', contextLoader = 'org.springframework.boot.test.context.SpringBootContextLoader', parent = [null]], attributes = map['org.springframework.test.context.web.ServletTestExecutionListener.activateListener' -> true]], class annotated with @DirtiesContext [false] with mode [null].

  .   ____          _            __ _ _
 /\\ / ___'_ __ _ _(_)_ __  __ _ \ \ \ \
( ( )\___ | '_ | '_| | '_ \/ _` | \ \ \ \
 \\/  ___)| |_)| | | | | || (_| |  ) ) ) )
  '  |____| .__|_| |_|_| |_\__, | / / / /
 =========|_|==============|___/=/_/_/_/
 :: Spring Boot ::                (v2.7.3)

2022-09-28 13:36:17.460  INFO 63585 --- [    Test worker] c.pelatro.Myecom.MyecomApplicationTests  : Starting MyecomApplicationTests using Java 17.0.3 on eshapriyadarshi with PID 63585 (started by eshapriyadarshi in /home/eshapriyadarshi/Downloads/Myecom)
2022-09-28 13:36:17.461  INFO 63585 --- [    Test worker] c.pelatro.Myecom.MyecomApplicationTests  : No active profile set, falling back to 1 default profile: "default"
2022-09-28 13:36:18.249  INFO 63585 --- [    Test worker] .s.d.r.c.RepositoryConfigurationDelegate : Bootstrapping Spring Data JPA repositories in DEFAULT mode.
2022-09-28 13:36:18.320  INFO 63585 --- [    Test worker] .s.d.r.c.RepositoryConfigurationDelegate : Finished Spring Data repository scanning in 63 ms. Found 5 JPA repository interfaces.
2022-09-28 13:36:19.146  INFO 63585 --- [    Test worker] o.hibernate.jpa.internal.util.LogHelper  : HHH000204: Processing PersistenceUnitInfo [name: default]
2022-09-28 13:36:19.209  INFO 63585 --- [    Test worker] org.hibernate.Version                    : HHH000412: Hibernate ORM core version 5.6.10.Final
2022-09-28 13:36:19.389  INFO 63585 --- [    Test worker] o.hibernate.annotations.common.Version   : HCANN000001: Hibernate Commons Annotations {5.1.2.Final}
2022-09-28 13:36:19.487  INFO 63585 --- [    Test worker] com.zaxxer.hikari.HikariDataSource       : HikariPool-1 - Starting...
2022-09-28 13:36:19.899  INFO 63585 --- [    Test worker] com.zaxxer.hikari.HikariDataSource       : HikariPool-1 - Start completed.
2022-09-28 13:36:19.918  INFO 63585 --- [    Test worker] org.hibernate.dialect.Dialect            : HHH000400: Using dialect: org.hibernate.dialect.PostgreSQLDialect
2022-09-28 13:36:20.709  INFO 63585 --- [    Test worker] o.h.e.t.j.p.i.JtaPlatformInitiator       : HHH000490: Using JtaPlatform implementation: [org.hibernate.engine.transaction.jta.platform.internal.NoJtaPlatform]
2022-09-28 13:36:20.718  INFO 63585 --- [    Test worker] j.LocalContainerEntityManagerFactoryBean : Initialized JPA EntityManagerFactory for persistence unit 'default'
2022-09-28 13:36:21.728  WARN 63585 --- [    Test worker] JpaBaseConfiguration$JpaWebConfiguration : spring.jpa.open-in-view is enabled by default. Therefore, database queries may be performed during view rendering. Explicitly configure spring.jpa.open-in-view to disable this warning
2022-09-28 13:36:23.120  INFO 63585 --- [    Test worker] c.pelatro.Myecom.MyecomApplicationTests  : Started MyecomApplicationTests in 6.619 seconds (JVM running for 7.876)
]]></system-out>
  <system-err><![CDATA[]]></system-err>
</testsuite>
